[0422/034510.626:ERROR:process_info.cc(329)] VirtualQueryEx: Access is denied. (0x5)
[0422/034510.658:ERROR:process_info.cc(556)] ReadMemoryInfo failed
[0422/034510.658:ERROR:process_memory_win.cc(39)] Failed to initialize ProcessInfo.
[0422/034510.658:ERROR:scoped_process_suspend.cc(40)] NtResumeProcess: An attempt was made to access an exiting process. (0xc000010a)
[0422/034510.658:ERROR:process_reader_win.cc(123)] NtOpenThread: {Access Denied} A process has requested access to an object, but has not been granted those access rights. (0xc0000022)
[0422/034510.658:ERROR:process_reader_win.cc(123)] NtOpenThread: {Access Denied} A process has requested access to an object, but has not been granted those access rights. (0xc0000022)
[0422/034510.658:ERROR:process_reader_win.cc(123)] NtOpenThread: {Access Denied} A process has requested access to an object, but has not been granted those access rights. (0xc0000022)
[0422/034510.658:ERROR:exception_snapshot_win.cc(98)] thread ID 19848 not found in process
[0422/034510.658:ERROR:process_info.cc(329)] VirtualQueryEx: Access is denied. (0x5)
[0422/034510.658:ERROR:process_reader_win.cc(123)] NtOpenThread: {Access Denied} A process has requested access to an object, but has not been granted those access rights. (0xc0000022)
[0422/034510.689:ERROR:exception_snapshot_win.cc(98)] thread ID 20264 not found in process
[0422/034510.689:ERROR:exception_snapshot_win.cc(98)] thread ID 7732 not found in process
[0422/034510.689:ERROR:process_info.cc(556)] ReadMemoryInfo failed
[0422/034510.689:ERROR:scoped_process_suspend.cc(40)] NtResumeProcess: An attempt was made to access an exiting process. (0xc000010a)
[0422/034510.689:ERROR:exception_snapshot_win.cc(98)] thread ID 8792 not found in process
[0422/034510.689:ERROR:scoped_process_suspend.cc(40)] NtResumeProcess: An attempt was made to access an exiting process. (0xc000010a)
[0422/034510.689:ERROR:scoped_process_suspend.cc(40)] NtResumeProcess: An attempt was made to access an exiting process. (0xc000010a)
[0422/034510.689:ERROR:process_reader_win.cc(123)] NtOpenThread: {Access Denied} A process has requested access to an object, but has not been granted those access rights. (0xc0000022)
[0422/034510.705:ERROR:scoped_process_suspend.cc(31)] NtSuspendProcess: An attempt was made to access an exiting process. (0xc000010a)
[0422/034510.705:ERROR:scoped_process_suspend.cc(31)] NtSuspendProcess: An attempt was made to access an exiting process. (0xc000010a)
[0422/034510.705:ERROR:exception_snapshot_win.cc(98)] thread ID 1148 not found in process
[0422/034510.705:ERROR:process_info.cc(118)] ReadProcessMemory bool __cdecl crashpad::(anonymous namespace)::ReadStruct(HANDLE, crashpad::WinVMAddress, T *) [T = crashpad::process_types::PEB<crashpad::process_types::internal::Traits64>]: Only part of a ReadProcessMemory or WriteProcessMemory request was completed. (0x12B)
[0422/034510.705:ERROR:process_info.cc(118)] ReadProcessMemory bool __cdecl crashpad::(anonymous namespace)::ReadStruct(HANDLE, crashpad::WinVMAddress, T *) [T = crashpad::process_types::PEB<crashpad::process_types::internal::Traits64>]: Only part of a ReadProcessMemory or WriteProcessMemory request was completed. (0x12B)
[0422/034510.705:ERROR:process_info.cc(551)] ReadProcessData failed
[0422/034510.705:ERROR:process_info.cc(551)] ReadProcessData failed
[0422/034510.705:ERROR:scoped_process_suspend.cc(31)] NtSuspendProcess: An attempt was made to access an exiting process. (0xc000010a)
[0422/034510.705:ERROR:process_info.cc(118)] ReadProcessMemory bool __cdecl crashpad::(anonymous namespace)::ReadStruct(HANDLE, crashpad::WinVMAddress, T *) [T = crashpad::process_types::PEB<crashpad::process_types::internal::Traits64>]: Only part of a ReadProcessMemory or WriteProcessMemory request was completed. (0x12B)
[0422/034510.705:ERROR:process_reader_win.cc(123)] NtOpenThread: {Access Denied} A process has requested access to an object, but has not been granted those access rights. (0xc0000022)
[0422/034510.720:ERROR:process_reader_win.cc(123)] NtOpenThread: {Access Denied} A process has requested access to an object, but has not been granted those access rights. (0xc0000022)
[0422/034510.720:ERROR:process_reader_win.cc(123)] NtOpenThread: {Access Denied} A process has requested access to an object, but has not been granted those access rights. (0xc0000022)
[0422/034510.720:ERROR:process_reader_win.cc(123)] NtOpenThread: {Access Denied} A process has requested access to an object, but has not been granted those access rights. (0xc0000022)
[0422/034510.720:ERROR:process_reader_win.cc(123)] NtOpenThread: {Access Denied} A process has requested access to an object, but has not been granted those access rights. (0xc0000022)
[0422/034510.736:ERROR:process_info.cc(551)] ReadProcessData failed
[0422/034510.736:ERROR:exception_snapshot_win.cc(98)] thread ID 20972 not found in process
[0422/034510.736:ERROR:exception_snapshot_win.cc(98)] thread ID 21004 not found in process
[0422/034510.736:ERROR:exception_snapshot_win.cc(98)] thread ID 10768 not found in process
[0422/034510.736:ERROR:exception_snapshot_win.cc(98)] thread ID 20816 not found in process
[0422/034510.736:ERROR:exception_snapshot_win.cc(98)] thread ID 9184 not found in process
